<?xml version="1.0" encoding="UTF-8"?>
<!-- Generated by org.testng.reporters.JUnitXMLReporter -->
<testsuite ignored="3" hostname="DESKTOP-L24NCKJ" failures="0" tests="2" name="Test" time="0.12" errors="0" timestamp="2023-12-17T06:02:11 IST">
  <testcase classname="com.testng.groups.GroupsSample" name="test1" time="0.018"/>
  <testcase classname="com.testng.groups.GroupsSample" name="test4" time="0.003"/>
  <testcase classname="com.testng.groups.GroupsSample" name="test5" time="0.0">
    <ignored/>
  </testcase> <!-- test5 -->
  <testcase classname="com.testng.groups.GroupsSample" name="test2" time="0.0">
    <ignored/>
  </testcase> <!-- test2 -->
  <testcase classname="com.testng.groups.GroupsSample" name="test3" time="0.0">
    <ignored/>
  </testcase> <!-- test3 -->
</testsuite> <!-- Test -->
