<?xml version="1.0" encoding="UTF-8"?>
<testng-results ignored="0" total="1" passed="1" failed="0" skipped="0">
  <reporter-output>
  </reporter-output>
  <suite started-at="2023-12-17T12:18:48 IST" name="Default suite" finished-at="2023-12-17T12:19:13 IST" duration-ms="24277">
    <groups>
    </groups>
    <test started-at="2023-12-17T12:18:48 IST" name="Default test" finished-at="2023-12-17T12:19:13 IST" duration-ms="24277">
      <class name="com.testng.reports.BookConfirmationPage">
        <test-method is-config="true" signature="report()[pri:0, instance:com.testng.reports.BookConfirmationPage@443118b0]" started-at="2023-12-17T12:18:48 IST" name="report" finished-at="2023-12-17T12:18:48 IST" duration-ms="255" status="PASS">
          <reporter-output>
          </reporter-output>
        </test-method> <!-- report -->
        <test-method signature="adactinConfirmation()[pri:0, instance:com.testng.reports.BookConfirmationPage@443118b0]" started-at="2023-12-17T12:18:49 IST" name="adactinConfirmation" finished-at="2023-12-17T12:19:12 IST" duration-ms="23926" status="PASS">
          <reporter-output>
          </reporter-output>
        </test-method> <!-- adactinConfirmation -->
        <test-method is-config="true" signature="stopReport()[pri:0, instance:com.testng.reports.BookConfirmationPage@443118b0]" started-at="2023-12-17T12:19:12 IST" name="stopReport" finished-at="2023-12-17T12:19:13 IST" duration-ms="324" status="PASS">
          <reporter-output>
          </reporter-output>
        </test-method> <!-- stopReport -->
      </class> <!-- com.testng.reports.BookConfirmationPage -->
    </test> <!-- Default test -->
  </suite> <!-- Default suite -->
</testng-results>
